Traceback (most recent call last):
  File "Microscope_online.py", line 682, in <module>
    rank = calc_sim(faults_name)
  File "Microscope_online.py", line 627, in calc_sim
    score.update({key: pearsonr(svc_latency_df[key].tolist(), locust_latency_50)[0]})
  File "/usr/python3/lib/python3.7/site-packages/scipy/stats/stats.py", line 3531, in pearsonr
    normym = linalg.norm(ym)
  File "/usr/python3/lib/python3.7/site-packages/scipy/linalg/misc.py", line 142, in norm
    a = np.asarray_chkfinite(a)
  File "/usr/python3/lib/python3.7/site-packages/numpy/lib/function_base.py", line 496, in asarray_chkfinite
    "array must not contain infs or NaNs")
ValueError: array must not contain infs or NaNs
tRCA_online.py:491: FutureWarning: The signature of `Series.to_csv` was aligned to that of `DataFrame.to_csv`, and argument 'header' will change its default value from False to True: please pass an explicit value to suppress this warning.
  df_data.to_csv('%s_latency_ratio.csv'%faults_name, index=[0])
tRCA_online.py:491: FutureWarning: The signature of `Series.to_csv` was aligned to that of `DataFrame.to_csv`, and argument 'header' will change its default value from False to True: please pass an explicit value to suppress this warning.
  df_data.to_csv('%s_latency_ratio.csv'%faults_name, index=[0])
tRCA_online.py:491: FutureWarning: The signature of `Series.to_csv` was aligned to that of `DataFrame.to_csv`, and argument 'header' will change its default value from False to True: please pass an explicit value to suppress this warning.
  df_data.to_csv('%s_latency_ratio.csv'%faults_name, index=[0])
tRCA_online.py:491: FutureWarning: The signature of `Series.to_csv` was aligned to that of `DataFrame.to_csv`, and argument 'header' will change its default value from False to True: please pass an explicit value to suppress this warning.
  df_data.to_csv('%s_latency_ratio.csv'%faults_name, index=[0])
tRCA_online.py:491: FutureWarning: The signature of `Series.to_csv` was aligned to that of `DataFrame.to_csv`, and argument 'header' will change its default value from False to True: please pass an explicit value to suppress this warning.
  df_data.to_csv('%s_latency_ratio.csv'%faults_name, index=[0])
tRCA_online.py:491: FutureWarning: The signature of `Series.to_csv` was aligned to that of `DataFrame.to_csv`, and argument 'header' will change its default value from False to True: please pass an explicit value to suppress this warning.
  df_data.to_csv('%s_latency_ratio.csv'%faults_name, index=[0])
tRCA_online.py:491: FutureWarning: The signature of `Series.to_csv` was aligned to that of `DataFrame.to_csv`, and argument 'header' will change its default value from False to True: please pass an explicit value to suppress this warning.
  df_data.to_csv('%s_latency_ratio.csv'%faults_name, index=[0])
tRCA_online.py:491: FutureWarning: The signature of `Series.to_csv` was aligned to that of `DataFrame.to_csv`, and argument 'header' will change its default value from False to True: please pass an explicit value to suppress this warning.
  df_data.to_csv('%s_latency_ratio.csv'%faults_name, index=[0])
tRCA_online.py:491: FutureWarning: The signature of `Series.to_csv` was aligned to that of `DataFrame.to_csv`, and argument 'header' will change its default value from False to True: please pass an explicit value to suppress this warning.
  df_data.to_csv('%s_latency_ratio.csv'%faults_name, index=[0])
tRCA_online.py:491: FutureWarning: The signature of `Series.to_csv` was aligned to that of `DataFrame.to_csv`, and argument 'header' will change its default value from False to True: please pass an explicit value to suppress this warning.
  df_data.to_csv('%s_latency_ratio.csv'%faults_name, index=[0])
tRCA_online.py:491: FutureWarning: The signature of `Series.to_csv` was aligned to that of `DataFrame.to_csv`, and argument 'header' will change its default value from False to True: please pass an explicit value to suppress this warning.
  df_data.to_csv('%s_latency_ratio.csv'%faults_name, index=[0])
tRCA_online.py:491: FutureWarning: The signature of `Series.to_csv` was aligned to that of `DataFrame.to_csv`, and argument 'header' will change its default value from False to True: please pass an explicit value to suppress this warning.
  df_data.to_csv('%s_latency_ratio.csv'%faults_name, index=[0])
tRCA_online.py:491: FutureWarning: The signature of `Series.to_csv` was aligned to that of `DataFrame.to_csv`, and argument 'header' will change its default value from False to True: please pass an explicit value to suppress this warning.
  df_data.to_csv('%s_latency_ratio.csv'%faults_name, index=[0])
tRCA_online.py:491: FutureWarning: The signature of `Series.to_csv` was aligned to that of `DataFrame.to_csv`, and argument 'header' will change its default value from False to True: please pass an explicit value to suppress this warning.
  df_data.to_csv('%s_latency_ratio.csv'%faults_name, index=[0])
tRCA_online.py:491: FutureWarning: The signature of `Series.to_csv` was aligned to that of `DataFrame.to_csv`, and argument 'header' will change its default value from False to True: please pass an explicit value to suppress this warning.
  df_data.to_csv('%s_latency_ratio.csv'%faults_name, index=[0])
tRCA_online.py:491: FutureWarning: The signature of `Series.to_csv` was aligned to that of `DataFrame.to_csv`, and argument 'header' will change its default value from False to True: please pass an explicit value to suppress this warning.
  df_data.to_csv('%s_latency_ratio.csv'%faults_name, index=[0])
tRCA_online.py:491: FutureWarning: The signature of `Series.to_csv` was aligned to that of `DataFrame.to_csv`, and argument 'header' will change its default value from False to True: please pass an explicit value to suppress this warning.
  df_data.to_csv('%s_latency_ratio.csv'%faults_name, index=[0])
tRCA_online.py:491: FutureWarning: The signature of `Series.to_csv` was aligned to that of `DataFrame.to_csv`, and argument 'header' will change its default value from False to True: please pass an explicit value to suppress this warning.
  df_data.to_csv('%s_latency_ratio.csv'%faults_name, index=[0])
tRCA_online.py:491: FutureWarning: The signature of `Series.to_csv` was aligned to that of `DataFrame.to_csv`, and argument 'header' will change its default value from False to True: please pass an explicit value to suppress this warning.
  df_data.to_csv('%s_latency_ratio.csv'%faults_name, index=[0])
tRCA_online.py:491: FutureWarning: The signature of `Series.to_csv` was aligned to that of `DataFrame.to_csv`, and argument 'header' will change its default value from False to True: please pass an explicit value to suppress this warning.
  df_data.to_csv('%s_latency_ratio.csv'%faults_name, index=[0])
