RCA starting...
150 s left
140 s left
130 s left
120 s left
110 s left
100 s left
90 s left
80 s left
70 s left
60 s left
50 s left
40 s left
30 s left
20 s left
10 s left
virtualservice.networking.istio.io/user-delay created
./data/user_latency_source_50.csv

MicroRCA score: [('front-end', 0.35668755882457054), ('orders', 0.22438660334054997), ('payment', 0.1789681981233759), ('catalogue', 0.12113609784039411), ('carts', 0.07530732853802583), ('user', 0.07291063650353505), ('carts-db', 0.0), ('orders-db', 0.0), ('user-db', 0.0), ('catalogue-db', 0.0), ('rabbitmq', 0.0), ('shipping', -0.029396423170451238)]
[]

tRCA_score:  [('payment', 0.5884267499919209), ('shipping', 0.39789622925340323), ('rabbitmq', 0.3382120049499626), ('carts', 0.07451382396765606), ('carts-db', 0.06333677513760158), ('orders', 0.021936712935391844), ('orders-db', 0.003729243713253677), ('queue-master', 0.0), ('front-end', 0.0), ('unknown', 0.0), ('user-db', -0.10160427179575736), ('user', -0.11953433571581171), ('catalogue-db', -0.12263571635262221), ('catalogue', -0.14427721608499844)]
./data/user_latency_source_50.csv
[('orders', 0.49623460543860654), ('carts', 0.2018452259722734), ('payment', 0.1765761974496025), ('shipping', 0.16836287994681265), ('user', 0.1583385399354295), ('front-end', 0.15810688265780137), ('catalogue', 0.13858117026404626)]

MicroRCA score: [('front-end', 0.36443678222582754), ('catalogue', 0.31695472936718455), ('user', 0.2235845712199666), ('orders', 0.09502391718702134), ('catalogue-db', 0.0), ('user-db', 0.0)]
[]

tRCA_score:  [('payment', 0.58968585456347), ('shipping', 0.39729773279067776), ('rabbitmq', 0.3377032398035369), ('carts', 0.07379933452877567), ('carts-db', 0.06272945295796364), ('orders', 0.02207271540924676), ('orders-db', 0.0037523636436255), ('unknown', 0.0), ('front-end', 0.0), ('queue-master', 0.0), ('user-db', -0.10138084477578951), ('user', -0.11927149983758632), ('catalogue-db', -0.12239468256321996), ('catalogue', -0.14399366652070034)]
[]

tRCA_score:  [('payment', 0.5816077791695397), ('shipping', 0.3576706559581221), ('rabbitmq', 0.3040193699216914), ('user', 0.07461626491550248), ('orders', 0.07116354121938553), ('user-db', 0.0634237260305098), ('orders-db', 0.01209777241623974), ('front-end', 0.0), ('unknown', 0.0), ('queue-master', 0.0), ('carts-db', -0.003129093096978998), ('carts', -0.0036813608670373636), ('catalogue-db', -0.2103350501832737), ('catalogue', -0.24745360548370068)]
./data/user_latency_source_50.csv
[('orders', 0.5362767311754904), ('user', 0.5237343821950784), ('carts', 0.3111882225055873), ('shipping', 0.2455528077513196), ('payment', 0.1819888075021846), ('front-end', 0.019398821134162237), ('catalogue', -0.1854897896214358)]

MicroRCA score: [('user', 0.5405396329646597), ('front-end', 0.29632079190981603), ('orders', 0.16313957512552435), ('user-db', 0.0)]
./data/user_latency_source_50.csv
[('orders', 0.720275119412533), ('user', 0.711688980702431), ('carts', 0.28323855676459875), ('shipping', 0.09410619721852512), ('payment', 0.03521385494483553), ('catalogue', -0.028934589683263096), ('front-end', -0.20398180198512625)]

MicroRCA score: [('front-end', 0.38220050471640343), ('user', 0.3363004354309009), ('orders', 0.2814990598526953), ('user-db', 0.0), ('orders-db', 0.0), ('carts', 0.0), ('shipping', 0.0), ('payment', 0.0)]
[]

tRCA_score:  [('user', 0.39231718382564956), ('user-db', 0.33347021519087333), ('payment', 0.3139641209339122), ('shipping', 0.1872338941811126), ('orders', 0.16036328203664896), ('rabbitmq', 0.1591489458720348), ('orders-db', 0.027261831936884195), ('front-end', 0.0), ('unknown', 0.0), ('queue-master', 0.0), ('carts-db', -0.05437349253308738), ('carts', -0.06396829274739424), ('catalogue-db', -0.20924627205524035), ('catalogue', -0.2461714166413939)]

MicroRCA score: [('user', 0.3998982944047297), ('front-end', 0.36759145447751285), ('orders', 0.2325102511177573), ('user-db', 0.0), ('payment', 0.0), ('carts', 0.0), ('orders-db', 0.0), ('shipping', 0.0)]
[]

tRCA_score:  [('user', 0.44905335830451676), ('user-db', 0.38169579203576187), ('orders', 0.17673354503141517), ('payment', 0.16607440117882522), ('shipping', 0.09979515624832822), ('rabbitmq', 0.08482572249249756), ('orders-db', 0.030044763155290474), ('front-end', 0.0), ('queue-master', 0.0), ('unknown', 0.0), ('carts-db', -0.03884472038633022), ('carts', -0.04569918945585283), ('catalogue-db', -0.1395282623115251), ('catalogue', -0.16415056629292718)]
./data/user_latency_source_50.csv
[('orders', 0.7250582243255036), ('user', 0.7167800811920297), ('carts', 0.26744100549267663), ('catalogue', 0.18312201488651828), ('front-end', -0.21984004019644562), ('payment', -0.23348801572538888), ('shipping', -0.34516027644213276)]
./data/user_latency_source_50.csv
[('orders', 0.8225389010199091), ('user', 0.8187867281930307), ('carts', 0.6353922603221533), ('front-end', 0.3128889498170614), ('payment', 0.1479156216854571), ('catalogue', -0.40903914320471574), ('shipping', -0.6879990277836068)]

MicroRCA score: [('front-end', 0.3739013605746785), ('user', 0.37242397926996573), ('orders', 0.2536746601553556), ('user-db', 0.0), ('payment', 0.0), ('carts', 0.0), ('orders-db', 0.0), ('shipping', 0.0)]
[]

tRCA_score:  [('user', 0.45561271945278925), ('user-db', 0.3872699040716692), ('orders', 0.18165060061580474), ('payment', 0.12533689433772727), ('shipping', 0.06500382713860552), ('rabbitmq', 0.055253381372234296), ('orders-db', 0.030880505769035362), ('unknown', 0.0), ('front-end', 0.0), ('queue-master', 0.0), ('carts-db', -0.029013508213793865), ('carts', -0.03413399929347674), ('catalogue-db', -0.10928699217750437), ('catalogue', -0.12857333307309074)]
./data/user_latency_source_50.csv
[('orders', 0.8423100471525908), ('user', 0.8375806918998983), ('carts', 0.32796883330590254), ('front-end', -0.10666653313484695), ('catalogue', -0.13631759787532866), ('payment', -0.31834634065142114), ('shipping', -0.6872871110168912)]

MicroRCA score: [('user', 0.6155702596317693), ('front-end', 0.3180454450377386), ('orders', 0.06638429533049212), ('orders-db', 0.0), ('shipping', 0.0), ('payment', 0.0), ('carts', 0.0), ('user-db', 0.0)]
[]

tRCA_score:  [('user', 0.45098440870402995), ('user-db', 0.3833379011994105), ('orders', 0.18469176367135606), ('payment', 0.08208989604551581), ('shipping', 0.049890138389796064), ('rabbitmq', 0.042406318913182424), ('orders-db', 0.03139773359234394), ('unknown', 0.0), ('front-end', 0.0), ('queue-master', 0.0), ('carts-db', -0.01885395077627841), ('carts', -0.02218046007332563), ('catalogue-db', -0.08443218753218297), ('catalogue', -0.09933156213384774)]
./data/user_latency_source_50.csv
[('orders', 0.8544193361400977), ('user', 0.8491547584920877), ('catalogue', 0.1760169671306749), ('carts', 0.14389056840447578), ('front-end', -0.3748095444132755), ('payment', -0.44802197218645146), ('shipping', -0.670741880646326)]

MicroRCA score: [('user', 0.8535566161803196), ('front-end', 0.2633736146928378), ('user-db', 0.0), ('payment', 0.0), ('carts', 0.0), ('orders-db', 0.0), ('shipping', 0.0), ('orders', -0.11693023087315668)]
[]

tRCA_score:  [('user', 0.4461597342263758), ('user-db', 0.379236846941047), ('orders', 0.18806149195264904), ('payment', 0.06239151686746439), ('shipping', 0.04067509488725558), ('rabbitmq', 0.03457362429210033), ('orders-db', 0.031970572290093396), ('front-end', 0.0), ('queue-master', 0.0), ('unknown', 0.0), ('carts-db', -0.013256648635272157), ('carts', -0.015595605590704442), ('catalogue-db', -0.07085643033977802), ('catalogue', -0.08336019689123103)]
[]

tRCA_score:  [('user', 0.441902633730386), ('user-db', 0.3756168039411716), ('orders', 0.19703203027304586), ('payment', 0.06266018049641056), ('orders-db', 0.03349538493102529), ('shipping', 0.03254785556624604), ('rabbitmq', 0.027665868020727014), ('front-end', 0.0), ('unknown', 0.0), ('queue-master', 0.0), ('carts-db', -0.01204591187888969), ('carts', -0.01417196948123585), ('catalogue-db', -0.06648504039861056), ('catalogue', -0.07821783520027595)]
./data/user_latency_source_50.csv
[('orders', 0.8599274817056572), ('user', 0.8564371433872747), ('carts', 0.7424118500530739), ('front-end', 0.4117051134001529), ('payment', 0.3719558606217411), ('catalogue', -0.6289035657960836), ('shipping', -0.7246548516729974)]

MicroRCA score: [('user', 0.41999962114204714), ('front-end', 0.362974580676282), ('orders', 0.21702579818167092), ('payment', 0.0), ('shipping', 0.0), ('orders-db', 0.0), ('carts', 0.0), ('user-db', 0.0)]
[]

tRCA_score:  [('user', 0.4422242376646838), ('user-db', 0.375889577049289), ('orders', 0.19127273866272787), ('payment', 0.05014679683636185), ('orders-db', 0.03251625055736539), ('shipping', 0.03109596074268907), ('rabbitmq', 0.02643177775500592), ('front-end', 0.0), ('unknown', 0.0), ('queue-master', 0.0), ('carts-db', -0.00937368261570162), ('carts', -0.011028259281404058), ('catalogue-db', -0.05935074477409167), ('catalogue', -0.06982465259692536)]
./data/user_latency_source_50.csv
[('orders', 0.8597855356901769), ('user', 0.8558106098750176), ('carts', 0.6306859012678571), ('catalogue', -0.2207185165675692), ('front-end', -0.23004299920953758), ('payment', -0.30365579514133767), ('shipping', -0.6050828836608344)]

MicroRCA score: [('user', 0.5471139088960228), ('front-end', 0.33377190303463117), ('orders', 0.119114188069346), ('user-db', 0.0), ('orders-db', 0.0), ('payment', 0.0), ('carts', 0.0), ('shipping', 0.0)]
virtualservice.networking.istio.io "user-delay" deleted
150 s left
140 s left
130 s left
120 s left
110 s left
100 s left
90 s left
80 s left
70 s left
60 s left
50 s left
40 s left
30 s left
20 s left
10 s left
virtualservice.networking.istio.io/catalogue-delay created
[]

tRCA_score:  [('payment', 0.4157082056813461), ('shipping', 0.2887687224205871), ('user', 0.2782822928144034), ('rabbitmq', 0.24545322222161212), ('user-db', 0.23653977295779846), ('orders', 0.1375433681864214), ('orders-db', 0.0233823308780096), ('unknown', 0.0), ('front-end', 0.0), ('queue-master', 0.0), ('carts-db', -0.04568715817113175), ('carts', -0.05374998320558794), ('catalogue-db', -0.24178606831010332), ('catalogue', -0.2844547054733551)]

MicroRCA score: [('front-end', 0.3814116452541505), ('user', 0.3397344285271262), ('orders', 0.2788539262187236), ('user-db', 0.0), ('payment', 0.0), ('carts', 0.0), ('shipping', 0.0), ('orders-db', 0.0)]
./data/catalogue_latency_source_50.csv
[('user', 0.4925787421708288), ('orders', 0.49232530427436105), ('payment', 0.46590923077231966), ('front-end', 0.45171380259792476), ('shipping', 0.07923538205147469), ('carts', -0.2760708544108432), ('catalogue', -0.429666647354893)]
./data/catalogue_latency_source_50.csv
[('shipping', 0.36480692080891314), ('payment', 0.19280066526823053), ('front-end', 0.12763975134253702), ('user', 0.11223441195547562), ('orders', 0.021148825323938424), ('carts', -0.12082284886367521), ('catalogue', -0.14976701849037277)]

MicroRCA score: []
[]

tRCA_score:  [('payment', 0.5961676634498809), ('shipping', 0.4000728826233881), ('rabbitmq', 0.340062611881536), ('carts', 0.059044281720258183), ('carts-db', 0.050187709680019205), ('orders', 0.016295546705508788), ('orders-db', 0.002770248592094703), ('front-end', 0.0), ('queue-master', 0.0), ('unknown', 0.0), ('user-db', -0.09594823713035319), ('user', -0.11288001080697091), ('catalogue-db', -0.11751731458350453), ('catalogue', -0.1382553821318575)]

MicroRCA score: []
./data/catalogue_latency_source_50.csv
[('shipping', 0.4084158903009624), ('orders', 0.2244422665780736), ('payment', 0.10877946161479538), ('user', 0.06778399628522408), ('catalogue', 0.02192345763924312), ('front-end', -0.0385127474741049), ('carts', -0.08697213041683297)]
[]

tRCA_score:  [('payment', 0.5654953282619328), ('shipping', 0.41483416449062094), ('rabbitmq', 0.3526086626226703), ('carts', 0.07166171699149745), ('carts-db', 0.06091240821550306), ('orders', 0.017453671556304937), ('orders-db', 0.0029671208488496544), ('front-end', 0.0), ('queue-master', 0.0), ('unknown', 0.0), ('user-db', -0.10206091087796583), ('user', -0.12007181384875029), ('catalogue-db', -0.12120549220317338), ('catalogue', -0.14259485605748978)]

MicroRCA score: [('catalogue', 0.5405398932771217), ('front-end', 0.45946010672287846), ('catalogue-db', 0.0)]
[]

tRCA_score:  [('payment', 0.5304836085663215), ('shipping', 0.3760623579977731), ('rabbitmq', 0.31965419051006705), ('catalogue', 0.18713204155484028), ('catalogue-db', 0.15906276358097762), ('queue-master', 0.0), ('unknown', 0.0), ('front-end', 0.0), ('carts-db', -0.011543534082038344), ('orders-db', -0.012140233298440384), ('carts', -0.013580729837086795), ('orders', -0.07141289988126706), ('user-db', -0.2130597369272476), ('user', -0.2506578281838999)]
./data/catalogue_latency_source_50.csv
[('catalogue', 0.5704795797715431), ('orders', 0.5353510468571299), ('carts', 0.27958591765147317), ('shipping', 0.23519769375777475), ('payment', -0.10345510665663282), ('user', -0.10474844043598808), ('front-end', -0.18747898842340527)]
[]

tRCA_score:  [('payment', 0.42702352001954635), ('catalogue', 0.4156155482367948), ('catalogue-db', 0.35327240915639463), ('shipping', 0.23641461675759928), ('rabbitmq', 0.20095186770615148), ('unknown', 0.0), ('front-end', 0.0), ('queue-master', 0.0), ('orders-db', -0.01612000987732115), ('carts-db', -0.043310857447417264), ('carts', -0.050953951512251315), ('orders', -0.09482380408286271), ('user-db', -0.19668031702271266), ('user', -0.23138902193392202)]
./data/catalogue_latency_source_50.csv
[('orders', 0.7114841104669928), ('catalogue', 0.6805108814188032), ('payment', 0.2883805413765416), ('front-end', 0.2548102195596903), ('user', 0.2534701933567064), ('carts', 0.08710746445999128), ('shipping', -0.35560619162197826)]

MicroRCA score: [('catalogue', 0.5405398932771217), ('front-end', 0.45946010672287846), ('catalogue-db', 0.0)]
./data/catalogue_latency_source_50.csv
[('catalogue', 0.7374483896444526), ('orders', 0.6690139601786375), ('carts', 0.38255638596378755), ('payment', -0.10410238870846465), ('front-end', -0.11247958625968024), ('user', -0.15040474481468505), ('shipping', -0.3340274608712134)]

MicroRCA score: [('catalogue', 0.5405398932771217), ('front-end', 0.45946010672287846), ('catalogue-db', 0.0)]
[]

tRCA_score:  [('catalogue', 0.5094373142906081), ('catalogue-db', 0.43301861071050574), ('payment', 0.24254632613004554), ('shipping', 0.14875856700850948), ('rabbitmq', 0.12644378051362581), ('front-end', 0.0), ('queue-master', 0.0), ('unknown', 0.0), ('orders-db', -0.011879887254500582), ('carts-db', -0.03642474884534474), ('carts', -0.04285284212458529), ('orders', -0.06988219105730423), ('user-db', -0.13745367472046416), ('user', -0.16171125465109584)]

MicroRCA score: [('catalogue', 0.5405398932771217), ('front-end', 0.45946010672287846), ('catalogue-db', 0.0)]
[]

tRCA_score:  [('catalogue', 0.5246539156084965), ('catalogue-db', 0.4459531882877158), ('payment', 0.16102914239192512), ('shipping', 0.10420535867759596), ('rabbitmq', 0.08857392577672378), ('front-end', 0.0), ('unknown', 0.0), ('queue-master', 0.0), ('orders-db', -0.008365760858618112), ('carts-db', -0.025900102830160754), ('carts', -0.030470766354012878), ('orders', -0.049210649310197925), ('user-db', -0.0967013762036866), ('user', -0.11376687518578181)]
./data/catalogue_latency_source_50.csv
[('catalogue', 0.7664092547535026), ('orders', 0.5220733151920771), ('carts', 0.4897823876342177), ('payment', -0.2936766024819313), ('user', -0.2942961114176976), ('shipping', -0.3352739685638233), ('front-end', -0.355154477076577)]

MicroRCA score: [('catalogue', 0.5405398932771217), ('front-end', 0.45946010672287846), ('catalogue-db', 0.0)]
[]

tRCA_score:  [('catalogue', 0.53037675256867), ('catalogue-db', 0.45081781298591367), ('payment', 0.16060663787372498), ('shipping', 0.08386733585093324), ('rabbitmq', 0.07128676228315749), ('front-end', 0.0), ('queue-master', 0.0), ('unknown', 0.0), ('orders-db', -0.007842813378673421), ('carts-db', -0.025559254479716985), ('carts', -0.030069767764600484), ('orders', -0.046134444679905545), ('user-db', -0.08607907793488376), ('user', -0.10126994332461885)]
./data/catalogue_latency_source_50.csv
[('catalogue', 0.733662324325077), ('payment', 0.4933281042341922), ('user', 0.4296390067716726), ('front-end', 0.39429558897210004), ('orders', 0.12490972742934404), ('carts', -0.024241437704479667), ('shipping', -0.40379789723362025)]

MicroRCA score: [('catalogue', 0.5405398932771217), ('front-end', 0.45946010672287846), ('catalogue-db', 0.0)]
[]

tRCA_score:  [('catalogue', 0.5270666236511518), ('catalogue-db', 0.44801005245771364), ('payment', 0.11396734794929307), ('shipping', 0.06481983343793153), ('rabbitmq', 0.05509736425753503), ('unknown', 0.0), ('front-end', 0.0), ('queue-master', 0.0), ('orders-db', -0.0054494141282561154), ('carts-db', -0.015683832374678585), ('carts', -0.018451526484177257), ('orders', -0.032055132353619835), ('user-db', -0.06309379242126961), ('user', -0.07422752399162447)]
./data/catalogue_latency_source_50.csv
[('catalogue', 0.7465568100370525), ('orders', 0.09386883711825049), ('payment', 0.045816531462581675), ('user', -0.15456856517560635), ('carts', -0.17232409763940315), ('front-end', -0.21651521985112443), ('shipping', -0.6400411680675341)]
[]

tRCA_score:  [('catalogue', 0.523066513114508), ('catalogue-db', 0.44460975924043067), ('payment', 0.08989504531097195), ('shipping', 0.05376960972997199), ('rabbitmq', 0.045704558060907), ('front-end', 0.0), ('queue-master', 0.0), ('unknown', 0.0), ('orders-db', -0.004029447726516401), ('carts-db', -0.009693661372745258), ('carts', -0.011404293608130531), ('orders', -0.023702461858764054), ('user-db', -0.04972085390838956), ('user', -0.05849476698224406)]
./data/catalogue_latency_source_50.csv
[('catalogue', 0.800592199906285), ('orders', 0.3418623224388347), ('carts', 0.04735871063592845), ('user', -0.35626282564041895), ('payment', -0.39920063211047147), ('front-end', -0.5075669211775463), ('shipping', -0.7645952857239116)]

MicroRCA score: [('catalogue', 0.5405398932771217), ('front-end', 0.45946010672287846), ('catalogue-db', 0.0)]
virtualservice.networking.istio.io "catalogue-delay" deleted
